<?xml version="1.0" encoding="utf-8"?><testsuites><testsuite name="pytest" errors="0" failures="0" skipped="0" tests="20" time="17.518" timestamp="2025-09-30T15:35:29.748383" hostname="genius"><testcase classname="tests.performance.test_quantum_performance.TestQuantumStatePerformance" name="test_quantum_state_creation_performance" time="0.001" /><testcase classname="tests.performance.test_quantum_performance.TestQuantumStatePerformance" name="test_gate_application_performance" time="0.001" /><testcase classname="tests.performance.test_quantum_performance.TestQuantumStatePerformance" name="test_memory_usage_tracking" time="0.001" /><testcase classname="tests.performance.test_quantum_performance.TestQuantumStatePerformance" name="test_scalability" time="0.001" /><testcase classname="tests.performance.test_quantum_performance.TestGPUAccelerationPerformance" name="test_gpu_accelerator_initialization" time="0.243" /><testcase classname="tests.performance.test_quantum_performance.TestGPUAccelerationPerformance" name="test_performance_metrics" time="0.168" /><testcase classname="tests.performance.test_quantum_performance.TestGPUAccelerationPerformance" name="test_memory_monitoring" time="0.163" /><testcase classname="tests.performance.test_quantum_performance.TestGPUAccelerationPerformance" name="test_error_handling" time="0.160" /><testcase classname="tests.performance.test_quantum_performance.TestPerformanceOptimization" name="test_optimizer_initialization" time="0.318" /><testcase classname="tests.performance.test_quantum_performance.TestPerformanceOptimization" name="test_circuit_optimization" time="0.348" /><testcase classname="tests.performance.test_quantum_performance.TestPerformanceOptimization" name="test_ml_workflow_optimization" time="0.346" /><testcase classname="tests.performance.test_quantum_performance.TestPerformanceOptimization" name="test_fault_tolerant_optimization" time="0.324" /><testcase classname="tests.performance.test_quantum_performance.TestPerformanceOptimization" name="test_performance_statistics" time="0.327" /><testcase classname="tests.performance.test_quantum_performance.TestPerformanceBenchmarks" name="test_benchmark_qubit_scaling" time="0.647" /><testcase classname="tests.performance.test_quantum_performance.TestPerformanceBenchmarks" name="test_performance_chart_data" time="5.809" /><testcase classname="tests.performance.test_quantum_performance.TestPerformanceBenchmarks" name="test_memory_usage_benchmark" time="0.001" /><testcase classname="tests.performance.test_quantum_performance.TestPerformanceBenchmarks" name="test_execution_time_benchmark" time="0.005" /><testcase classname="tests.performance.test_quantum_performance.TestPerformanceEdgeCases" name="test_memory_pressure" time="0.001" /><testcase classname="tests.performance.test_quantum_performance.TestPerformanceEdgeCases" name="test_concurrent_access" time="0.009" /><testcase classname="tests.performance.test_quantum_performance.TestPerformanceEdgeCases" name="test_error_recovery" time="0.225" /></testsuite></testsuites>