<?xml version="1.0" encoding="utf-8"?><testsuites><testsuite name="pytest" errors="0" failures="0" skipped="1" tests="45" time="1.996" timestamp="2025-09-30T15:35:26.892093" hostname="genius"><testcase classname="tests.performance.test_gpu_acceleration.TestAccelerationConfig" name="test_config_creation" time="0.001" /><testcase classname="tests.performance.test_gpu_acceleration.TestAccelerationConfig" name="test_config_custom_values" time="0.000" /><testcase classname="tests.performance.test_gpu_acceleration.TestPerformanceMetrics" name="test_metrics_creation" time="0.000" /><testcase classname="tests.performance.test_gpu_acceleration.TestPerformanceMetrics" name="test_metrics_update" time="0.000" /><testcase classname="tests.performance.test_gpu_acceleration.TestAdvancedGPUAccelerator" name="test_cpu_initialization" time="0.001" /><testcase classname="tests.performance.test_gpu_acceleration.TestAdvancedGPUAccelerator" name="test_gpu_initialization_without_gpu" time="0.001" /><testcase classname="tests.performance.test_gpu_acceleration.TestAdvancedGPUAccelerator" name="test_tpu_initialization_without_tpu" time="0.001" /><testcase classname="tests.performance.test_gpu_acceleration.TestAdvancedGPUAccelerator" name="test_distributed_initialization_without_dask_ray" time="0.001" /><testcase classname="tests.performance.test_gpu_acceleration.TestAdvancedGPUAccelerator" name="test_hybrid_initialization" time="0.244" /><testcase classname="tests.performance.test_gpu_acceleration.TestAdvancedGPUAccelerator" name="test_memory_monitoring" time="0.012" /><testcase classname="tests.performance.test_gpu_acceleration.TestAdvancedGPUAccelerator" name="test_error_handling" time="0.001" /><testcase classname="tests.performance.test_gpu_acceleration.TestAdvancedGPUAccelerator" name="test_cleanup" time="0.030" /><testcase classname="tests.performance.test_gpu_acceleration.TestAdvancedGPUAccelerator" name="test_get_performance_metrics" time="0.001" /><testcase classname="tests.performance.test_gpu_acceleration.TestGPUAcceleration" name="test_apply_gate_gpu_success" time="0.471" /><testcase classname="tests.performance.test_gpu_acceleration.TestGPUAcceleration" name="test_apply_gate_gpu_without_gpu" time="0.002" /><testcase classname="tests.performance.test_gpu_acceleration.TestGPUAcceleration" name="test_apply_gate_gpu_memory_error" time="0.003" /><testcase classname="tests.performance.test_gpu_acceleration.TestTPUAcceleration" name="test_apply_gate_tpu_success" time="0.000"><skipped type="pytest.skip" message="TPU not available">/home/dubius/Coratrix/tests/performance/test_gpu_acceleration.py:301: TPU not available</skipped></testcase><testcase classname="tests.performance.test_gpu_acceleration.TestTPUAcceleration" name="test_apply_gate_tpu_without_tpu" time="0.001" /><testcase classname="tests.performance.test_gpu_acceleration.TestDistributedAcceleration" name="test_apply_gate_distributed_without_backends" time="0.001" /><testcase classname="tests.performance.test_gpu_acceleration.TestDistributedAcceleration" name="test_apply_gate_distributed_dask" time="0.001" /><testcase classname="tests.performance.test_gpu_acceleration.TestPerformanceOptimizer" name="test_optimizer_initialization" time="0.000" /><testcase classname="tests.performance.test_gpu_acceleration.TestPerformanceOptimizer" name="test_optimize_circuit_success" time="0.001" /><testcase classname="tests.performance.test_gpu_acceleration.TestPerformanceOptimizer" name="test_optimize_circuit_failure" time="0.001" /><testcase classname="tests.performance.test_gpu_acceleration.TestPerformanceOptimizer" name="test_analyze_circuit" time="0.002" /><testcase classname="tests.performance.test_gpu_acceleration.TestPerformanceOptimizer" name="test_generate_optimizations" time="0.001" /><testcase classname="tests.performance.test_gpu_acceleration.TestPerformanceOptimizer" name="test_test_optimizations" time="0.002" /><testcase classname="tests.performance.test_gpu_acceleration.TestPerformanceOptimizer" name="test_select_best_optimization" time="0.001" /><testcase classname="tests.performance.test_gpu_acceleration.TestPerformanceOptimizer" name="test_estimate_improvement" time="0.001" /><testcase classname="tests.performance.test_gpu_acceleration.TestPerformanceOptimizer" name="test_calculate_confidence" time="0.001" /><testcase classname="tests.performance.test_gpu_acceleration.TestErrorHandling" name="test_acceleration_error" time="0.000" /><testcase classname="tests.performance.test_gpu_acceleration.TestErrorHandling" name="test_memory_error" time="0.000" /><testcase classname="tests.performance.test_gpu_acceleration.TestErrorHandling" name="test_gpu_error" time="0.000" /><testcase classname="tests.performance.test_gpu_acceleration.TestErrorHandling" name="test_tpu_error" time="0.000" /><testcase classname="tests.performance.test_gpu_acceleration.TestErrorHandling" name="test_distributed_error" time="0.001" /><testcase classname="tests.performance.test_gpu_acceleration.TestEdgeCases" name="test_empty_circuit_optimization" time="0.001" /><testcase classname="tests.performance.test_gpu_acceleration.TestEdgeCases" name="test_large_circuit_optimization" time="0.093" /><testcase classname="tests.performance.test_gpu_acceleration.TestEdgeCases" name="test_memory_pressure" time="0.001" /><testcase classname="tests.performance.test_gpu_acceleration.TestEdgeCases" name="test_concurrent_access" time="0.002" /><testcase classname="tests.performance.test_gpu_acceleration.TestPerformanceValidation" name="test_performance_metrics_accuracy" time="0.101" /><testcase classname="tests.performance.test_gpu_acceleration.TestPerformanceValidation" name="test_memory_usage_tracking" time="0.010" /><testcase classname="tests.performance.test_gpu_acceleration.TestPerformanceValidation" name="test_cache_performance" time="0.001" /><testcase classname="tests.performance.test_gpu_acceleration.TestIntegration" name="test_end_to_end_cpu_acceleration" time="0.035" /><testcase classname="tests.performance.test_gpu_acceleration.TestIntegration" name="test_end_to_end_optimization" time="0.002" /><testcase classname="tests.performance.test_gpu_acceleration.TestPerformanceBenchmarks" name="test_benchmark_small_circuit" time="0.070" /><testcase classname="tests.performance.test_gpu_acceleration.TestPerformanceBenchmarks" name="test_benchmark_large_circuit" time="0.007" /></testsuite></testsuites>