<?xml version="1.0" encoding="utf-8"?><testsuites><testsuite name="pytest" errors="0" failures="0" skipped="0" tests="16" time="15.256" timestamp="2025-09-30T15:35:49.058249" hostname="genius"><testcase classname="tests.integration.test_end_to_end_workflows.TestQuantumComputationWorkflow" name="test_basic_quantum_circuit_workflow" time="0.002" /><testcase classname="tests.integration.test_end_to_end_workflows.TestQuantumComputationWorkflow" name="test_multi_gate_workflow" time="0.002" /><testcase classname="tests.integration.test_end_to_end_workflows.TestQuantumComputationWorkflow" name="test_quantum_state_measurement_workflow" time="0.002" /><testcase classname="tests.integration.test_end_to_end_workflows.TestQuantumMachineLearningWorkflow" name="test_vqe_workflow" time="0.001" /><testcase classname="tests.integration.test_end_to_end_workflows.TestQuantumMachineLearningWorkflow" name="test_quantum_neural_network_workflow" time="4.222" /><testcase classname="tests.integration.test_end_to_end_workflows.TestQuantumMachineLearningWorkflow" name="test_hybrid_classical_quantum_workflow" time="0.004" /><testcase classname="tests.integration.test_end_to_end_workflows.TestFaultTolerantWorkflow" name="test_surface_code_workflow" time="0.008" /><testcase classname="tests.integration.test_end_to_end_workflows.TestFaultTolerantWorkflow" name="test_logical_gate_workflow" time="0.007" /><testcase classname="tests.integration.test_end_to_end_workflows.TestFaultTolerantWorkflow" name="test_error_correction_workflow" time="0.006" /><testcase classname="tests.integration.test_end_to_end_workflows.TestPerformanceOptimizationWorkflow" name="test_circuit_optimization_workflow" time="0.936" /><testcase classname="tests.integration.test_end_to_end_workflows.TestPerformanceOptimizationWorkflow" name="test_ml_workflow_optimization" time="0.392" /><testcase classname="tests.integration.test_end_to_end_workflows.TestPerformanceOptimizationWorkflow" name="test_fault_tolerant_optimization_workflow" time="0.387" /><testcase classname="tests.integration.test_end_to_end_workflows.TestPerformanceOptimizationWorkflow" name="test_performance_statistics_workflow" time="0.385" /><testcase classname="tests.integration.test_end_to_end_workflows.TestIntegratedWorkflows" name="test_quantum_ml_optimization_workflow" time="0.392" /><testcase classname="tests.integration.test_end_to_end_workflows.TestIntegratedWorkflows" name="test_fault_tolerant_optimization_workflow" time="0.394" /><testcase classname="tests.integration.test_end_to_end_workflows.TestIntegratedWorkflows" name="test_complete_quantum_workflow" time="0.530" /></testsuite></testsuites>