<?xml version="1.0" encoding="utf-8"?><testsuites><testsuite name="pytest" errors="0" failures="0" skipped="0" tests="24" time="15.027" timestamp="2025-09-30T15:36:25.283138" hostname="genius"><testcase classname="tests.validation.test_system_validation.TestComprehensiveValidation" name="test_import_validation" time="0.001" /><testcase classname="tests.validation.test_system_validation.TestComprehensiveValidation" name="test_advanced_quantum_capabilities" time="0.001" /><testcase classname="tests.validation.test_system_validation.TestComprehensiveValidation" name="test_quantum_machine_learning" time="0.001" /><testcase classname="tests.validation.test_system_validation.TestComprehensiveValidation" name="test_fault_tolerant_computing" time="0.000" /><testcase classname="tests.validation.test_system_validation.TestComprehensiveValidation" name="test_plugin_editor" time="0.001" /><testcase classname="tests.validation.test_system_validation.TestComprehensiveValidation" name="test_plugin_marketplace" time="0.035" /><testcase classname="tests.validation.test_system_validation.TestComprehensiveValidation" name="test_gpu_acceleration" time="0.250" /><testcase classname="tests.validation.test_system_validation.TestErrorHandling" name="test_graceful_degradation" time="0.001" /><testcase classname="tests.validation.test_system_validation.TestErrorHandling" name="test_memory_error_handling" time="0.009" /><testcase classname="tests.validation.test_system_validation.TestErrorHandling" name="test_exception_handling" time="0.001" /><testcase classname="tests.validation.test_system_validation.TestPerformanceValidation" name="test_benchmark_qubit_scaling" time="0.624" /><testcase classname="tests.validation.test_system_validation.TestPerformanceValidation" name="test_performance_chart_data" time="5.081" /><testcase classname="tests.validation.test_system_validation.TestPerformanceValidation" name="test_memory_usage_validation" time="0.000" /><testcase classname="tests.validation.test_system_validation.TestPerformanceValidation" name="test_execution_time_validation" time="0.011" /><testcase classname="tests.validation.test_system_validation.TestIntegration" name="test_end_to_end_quantum_computation" time="0.001" /><testcase classname="tests.validation.test_system_validation.TestIntegration" name="test_end_to_end_ml_workflow" time="1.487" /><testcase classname="tests.validation.test_system_validation.TestIntegration" name="test_end_to_end_fault_tolerant_computation" time="0.001" /><testcase classname="tests.validation.test_system_validation.TestIntegration" name="test_end_to_end_plugin_workflow" time="0.001" /><testcase classname="tests.validation.test_system_validation.TestStressTesting" name="test_memory_stress" time="0.001" /><testcase classname="tests.validation.test_system_validation.TestStressTesting" name="test_concurrent_access" time="0.001" /><testcase classname="tests.validation.test_system_validation.TestStressTesting" name="test_error_recovery" time="0.190" /><testcase classname="tests.validation.test_system_validation.TestRegressionTesting" name="test_deterministic_behavior" time="0.001" /><testcase classname="tests.validation.test_system_validation.TestRegressionTesting" name="test_backward_compatibility" time="0.001" /><testcase classname="tests.validation.test_system_validation.TestRegressionTesting" name="test_performance_regression" time="0.003" /></testsuite></testsuites>